[debug] [2026-05-25T15:54:11.138Z] ----------------------------------------------------------------------
[debug] [2026-05-25T15:54:11.140Z] Command:       /usr/local/share/nvm/versions/node/v24.14.0/bin/node /home/codespace/nvm/current/bin/firebase login --reauth
[debug] [2026-05-25T15:54:11.141Z] CLI Version:   15.18.0
[debug] [2026-05-25T15:54:11.141Z] Platform:      linux
[debug] [2026-05-25T15:54:11.141Z] Node Version:  v24.14.0
[debug] [2026-05-25T15:54:11.141Z] Time:          Mon May 25 2026 15:54:11 GMT+0000 (Coordinated Universal Time)
[debug] [2026-05-25T15:54:11.141Z] ----------------------------------------------------------------------
[debug] 
[debug] [2026-05-25T15:54:11.149Z] >>> [apiv2][query] POST https://auth.firebase.tools/attest [none]
[debug] [2026-05-25T15:54:11.150Z] >>> [apiv2][body] POST https://auth.firebase.tools/attest {"session_id":"af11578a-1115-4639-b031-c1209aebd0c3"}
[debug] [2026-05-25T15:54:11.341Z] <<< [apiv2][status] POST https://auth.firebase.tools/attest 200
[debug] [2026-05-25T15:54:11.342Z] <<< [apiv2][body] POST https://auth.firebase.tools/attest {"token":"dkWUwSGz4MeLKcypTzqeBxU18o2rxmlUco1b1PRGSfc"}
[info] 
[info] To sign in to the Firebase CLI:
[info] 
[info] 1. Take note of your session ID:
[info] 
[info]    AF115
[info] 
[info] 2. Visit the URL below on any device and follow the instructions to get your code:
[info] 
[info]    https://auth.firebase.tools/login?code_challenge=X6B8GIewjlDtyZ7kntNFw_0-D6p07yAH1GvKvbx0qbw&session=af11578a-1115-4639-b031-c1209aebd0c3&attest=dkWUwSGz4MeLKcypTzqeBxU18o2rxmlUco1b1PRGSfc
[info] 
[info] 3. Paste or enter the authorization code below once you have it:
[info] 
